  Block_maker.c
C:\Users\jjsh0\OneDrive\바탕 화면\문서\포트폴리오\C프로젝트 테트리스\Tetris 전승현\tetris.h(1,1): warning C4828: 파일에 0x1131 오프셋에서 시작하는 문자가 포함되어 있습니다. 이 문자는 현재 원본 문자 집합에서 잘못된 문자입니다(코드 페이지 949).
C:\Users\jjsh0\OneDrive\바탕 화면\문서\포트폴리오\C프로젝트 테트리스\Tetris 전승현\tetris.h(8,10): fatal  error C1083: 포함 파일을 열 수 없습니다. 'mysql.h': No such file or directory
  console.c
C:\Users\jjsh0\OneDrive\바탕 화면\문서\포트폴리오\C프로젝트 테트리스\Tetris 전승현\tetris.h(1,1): warning C4828: 파일에 0x1131 오프셋에서 시작하는 문자가 포함되어 있습니다. 이 문자는 현재 원본 문자 집합에서 잘못된 문자입니다(코드 페이지 949).
C:\Users\jjsh0\OneDrive\바탕 화면\문서\포트폴리오\C프로젝트 테트리스\Tetris 전승현\tetris.h(8,10): fatal  error C1083: 포함 파일을 열 수 없습니다. 'mysql.h': No such file or directory
  Game_Draw.c
C:\Users\jjsh0\OneDrive\바탕 화면\문서\포트폴리오\C프로젝트 테트리스\Tetris 전승현\tetris.h(1,1): warning C4828: 파일에 0x1131 오프셋에서 시작하는 문자가 포함되어 있습니다. 이 문자는 현재 원본 문자 집합에서 잘못된 문자입니다(코드 페이지 949).
C:\Users\jjsh0\OneDrive\바탕 화면\문서\포트폴리오\C프로젝트 테트리스\Tetris 전승현\tetris.h(8,10): fatal  error C1083: 포함 파일을 열 수 없습니다. 'mysql.h': No such file or directory
  Block_controller.c
C:\Users\jjsh0\OneDrive\바탕 화면\문서\포트폴리오\C프로젝트 테트리스\Tetris 전승현\tetris.h(1,1): warning C4828: 파일에 0x1131 오프셋에서 시작하는 문자가 포함되어 있습니다. 이 문자는 현재 원본 문자 집합에서 잘못된 문자입니다(코드 페이지 949).
C:\Users\jjsh0\OneDrive\바탕 화면\문서\포트폴리오\C프로젝트 테트리스\Tetris 전승현\tetris.h(8,10): fatal  error C1083: 포함 파일을 열 수 없습니다. 'mysql.h': No such file or directory
  Block_detecter.c
C:\Users\jjsh0\OneDrive\바탕 화면\문서\포트폴리오\C프로젝트 테트리스\Tetris 전승현\tetris.h(1,1): warning C4828: 파일에 0x1131 오프셋에서 시작하는 문자가 포함되어 있습니다. 이 문자는 현재 원본 문자 집합에서 잘못된 문자입니다(코드 페이지 949).
C:\Users\jjsh0\OneDrive\바탕 화면\문서\포트폴리오\C프로젝트 테트리스\Tetris 전승현\tetris.h(8,10): fatal  error C1083: 포함 파일을 열 수 없습니다. 'mysql.h': No such file or directory
  main.c
C:\Users\jjsh0\OneDrive\바탕 화면\문서\포트폴리오\C프로젝트 테트리스\Tetris 전승현\tetris.h(1,1): warning C4828: 파일에 0x1131 오프셋에서 시작하는 문자가 포함되어 있습니다. 이 문자는 현재 원본 문자 집합에서 잘못된 문자입니다(코드 페이지 949).
C:\Users\jjsh0\OneDrive\바탕 화면\문서\포트폴리오\C프로젝트 테트리스\Tetris 전승현\tetris.h(8,10): fatal  error C1083: 포함 파일을 열 수 없습니다. 'mysql.h': No such file or directory
  Game_maneger.c
C:\Users\jjsh0\OneDrive\바탕 화면\문서\포트폴리오\C프로젝트 테트리스\Tetris 전승현\tetris.h(1,1): warning C4828: 파일에 0x1131 오프셋에서 시작하는 문자가 포함되어 있습니다. 이 문자는 현재 원본 문자 집합에서 잘못된 문자입니다(코드 페이지 949).
C:\Users\jjsh0\OneDrive\바탕 화면\문서\포트폴리오\C프로젝트 테트리스\Tetris 전승현\tetris.h(8,10): fatal  error C1083: 포함 파일을 열 수 없습니다. 'mysql.h': No such file or directory
  Data_base.c
C:\Users\jjsh0\OneDrive\바탕 화면\문서\포트폴리오\C프로젝트 테트리스\Tetris 전승현\tetris.h(1,1): warning C4828: 파일에 0x1131 오프셋에서 시작하는 문자가 포함되어 있습니다. 이 문자는 현재 원본 문자 집합에서 잘못된 문자입니다(코드 페이지 949).
C:\Users\jjsh0\OneDrive\바탕 화면\문서\포트폴리오\C프로젝트 테트리스\Tetris 전승현\tetris.h(8,10): fatal  error C1083: 포함 파일을 열 수 없습니다. 'mysql.h': No such file or directory
  코드를 생성하고 있습니다...
